Flutter crash report.
Please report a bug at https://github.com/flutter/flutter/issues.

## command

flutter run -d edge

## exception

RPCError: _flutter.renderFrameWithRasterStats: (-32601) Unknown method "_flutter.renderFrameWithRasterStats".

```
#0      new _OutstandingRequest (package:vm_service/src/vm_service.dart:1742:45)
#1      VmService._call (package:vm_service/src/vm_service.dart:2255:21)
#2      VmService.callServiceExtension (package:vm_service/src/vm_service.dart:2226:14)
#3      VmService.callMethod (package:vm_service/src/vm_service.dart:2208:12)
#4      FlutterVmService.callMethodWrapper (package:flutter_tools/src/vmservice.dart:453:28)
#5      FlutterVmService.renderFrameWithRasterStats (package:flutter_tools/src/vmservice.dart:552:49)
#6      ResidentHandlers.debugFrameJankMetrics (package:flutter_tools/src/resident_runner.dart:692:34)
<asynchronous suspension>
#7      TerminalHandler.processTerminalInput (package:flutter_tools/src/resident_runner.dart:1741:7)
<asynchronous suspension>
```

## flutter doctor

```
[✓] Flutter (Channel beta, 3.1.0-9.0.pre, on Microsoft Windows [Version 10.0.22000.795], locale en-IN)
    • Flutter version 3.1.0-9.0.pre at C:\src\flutter
    • Upstream repository https://github.com/flutter/flutter.git
    • Framework revision f28e570c8c (5 weeks ago), 2022-06-14 13:39:33 -0500
    • Engine revision 74ee6b5afd
    • Dart version 2.18.0 (build 2.18.0-165.1.beta)
    • DevTools version 2.14.0

[!] Android toolchain - develop for Android devices (Android SDK version 33.0.0)
    • Android SDK at C:\Users\PRATIKSHA GOSWAMI\AppData\Local\Android\sdk
    ✗ cmdline-tools component is missing
      Run `path/to/sdkmanager --install "cmdline-tools;latest"`
      See https://developer.android.com/studio/command-line for more details.
    ✗ Android license status unknown.
      Run `flutter doctor --android-licenses` to accept the SDK licenses.
      See https://flutter.dev/docs/get-started/install/windows#android-setup for more details.

[✗] Chrome - develop for the web (Cannot find Chrome executable at .\Google\Chrome\Application\chrome.exe)
    ! Cannot find Chrome. Try setting CHROME_EXECUTABLE to a Chrome executable.

[✗] Visual Studio - develop for Windows
    ✗ Visual Studio not installed; this is necessary for Windows development.
      Download at https://visualstudio.microsoft.com/downloads/.
      Please install the "Desktop development with C++" workload, including all of its default components

[✓] Android Studio (version 2021.2)
    • Android Studio at C:\Program Files\Android\Android Studio
    • Flutter plugin can be installed from:
      🔨 https://plugins.jetbrains.com/plugin/9212-flutter
    • Dart plugin can be installed from:
      🔨 https://plugins.jetbrains.com/plugin/6351-dart
    • Java version OpenJDK Runtime Environment (build 11.0.12+7-b1504.28-7817840)

[✓] VS Code (version 1.69.1)
    • VS Code at C:\Users\PRATIKSHA GOSWAMI\AppData\Local\Programs\Microsoft VS Code
    • Flutter extension version 3.42.0

[✓] Connected device (2 available)
    • Windows (desktop) • windows • windows-x64    • Microsoft Windows [Version 10.0.22000.795]
    • Edge (web)        • edge    • web-javascript • Microsoft Edge 103.0.1264.62

[✓] HTTP Host Availability
    • All required HTTP hosts are available

! Doctor found issues in 3 categories.
```
